{"C:\\workspace\\fall2021\\RestAPI example\\app.js": {"path":"C:\\workspace\\fall2021\\RestAPI example\\app.js","statementMap":{"0":{"start":{"line":1,"column":16},"end":{"line":1,"column":35}},"1":{"start":{"line":2,"column":13},"end":{"line":2,"column":28}},"2":{"start":{"line":3,"column":12},"end":{"line":3,"column":35}},"3":{"start":{"line":4,"column":15},"end":{"line":4,"column":32}},"4":{"start":{"line":5,"column":0},"end":{"line":5,"column":16}},"5":{"start":{"line":6,"column":12},"end":{"line":6,"column":21}},"6":{"start":{"line":7,"column":13},"end":{"line":7,"column":47}},"7":{"start":{"line":8,"column":11},"end":{"line":8,"column":36}},"8":{"start":{"line":10,"column":0},"end":{"line":16,"column":6}},"9":{"start":{"line":12,"column":8},"end":{"line":12,"column":44}},"10":{"start":{"line":15,"column":8},"end":{"line":15,"column":24}},"11":{"start":{"line":17,"column":0},"end":{"line":17,"column":9}},"12":{"start":{"line":19,"column":0},"end":{"line":19,"column":45}},"13":{"start":{"line":20,"column":0},"end":{"line":20,"column":23}},"14":{"start":{"line":22,"column":0},"end":{"line":22,"column":54}},"15":{"start":{"line":25,"column":0},"end":{"line":25,"column":52}},"16":{"start":{"line":27,"column":0},"end":{"line":32,"column":2}},"17":{"start":{"line":28,"column":4},"end":{"line":31,"column":6}},"18":{"start":{"line":29,"column":8},"end":{"line":29,"column":48}},"19":{"start":{"line":29,"column":17},"end":{"line":29,"column":48}},"20":{"start":{"line":30,"column":8},"end":{"line":30,"column":25}},"21":{"start":{"line":34,"column":0},"end":{"line":36,"column":2}},"22":{"start":{"line":35,"column":4},"end":{"line":35,"column":18}},"23":{"start":{"line":38,"column":0},"end":{"line":38,"column":20}}},"fnMap":{"0":{"name":"(anonymous_0)","decl":{"start":{"line":11,"column":10},"end":{"line":11,"column":11}},"loc":{"start":{"line":11,"column":14},"end":{"line":13,"column":5}},"line":11},"1":{"name":"(anonymous_1)","decl":{"start":{"line":14,"column":11},"end":{"line":14,"column":12}},"loc":{"start":{"line":14,"column":18},"end":{"line":16,"column":5}},"line":14},"2":{"name":"(anonymous_2)","decl":{"start":{"line":27,"column":16},"end":{"line":27,"column":17}},"loc":{"start":{"line":27,"column":27},"end":{"line":32,"column":1}},"line":27},"3":{"name":"(anonymous_3)","decl":{"start":{"line":28,"column":56},"end":{"line":28,"column":57}},"loc":{"start":{"line":28,"column":69},"end":{"line":31,"column":5}},"line":28},"4":{"name":"(anonymous_4)","decl":{"start":{"line":34,"column":33},"end":{"line":34,"column":34}},"loc":{"start":{"line":34,"column":44},"end":{"line":36,"column":1}},"line":34}},"branchMap":{"0":{"loc":{"start":{"line":29,"column":8},"end":{"line":29,"column":48}},"type":"if","locations":[{"start":{"line":29,"column":8},"end":{"line":29,"column":48}},{"start":{},"end":{}}],"line":29}},"s":{"0":1,"1":1,"2":1,"3":1,"4":1,"5":1,"6":1,"7":1,"8":1,"9":1,"10":0,"11":1,"12":1,"13":1,"14":1,"15":1,"16":1,"17":0,"18":0,"19":0,"20":0,"21":1,"22":0,"23":1},"f":{"0":1,"1":0,"2":0,"3":0,"4":0},"b":{"0":[0,0]},"_coverageSchema":"1a1c01bbd47fc00a2c39e90264f33305004495a9","hash":"76b5af39510a6dd0b01722b5473d2f7fb0e48454"}
,"C:\\workspace\\fall2021\\RestAPI example\\config\\db.config.js": {"path":"C:\\workspace\\fall2021\\RestAPI example\\config\\db.config.js","statementMap":{"0":{"start":{"line":1,"column":15},"end":{"line":1,"column":32}},"1":{"start":{"line":2,"column":0},"end":{"line":2,"column":16}},"2":{"start":{"line":3,"column":0},"end":{"line":15,"column":6}}},"fnMap":{},"branchMap":{"0":{"loc":{"start":{"line":4,"column":15},"end":{"line":4,"column":49}},"type":"binary-expr","locations":[{"start":{"line":4,"column":15},"end":{"line":4,"column":34}},{"start":{"line":4,"column":38},"end":{"line":4,"column":49}}],"line":4},"1":{"loc":{"start":{"line":5,"column":15},"end":{"line":5,"column":44}},"type":"binary-expr","locations":[{"start":{"line":5,"column":15},"end":{"line":5,"column":34}},{"start":{"line":5,"column":38},"end":{"line":5,"column":44}}],"line":5},"2":{"loc":{"start":{"line":6,"column":15},"end":{"line":6,"column":44}},"type":"binary-expr","locations":[{"start":{"line":6,"column":15},"end":{"line":6,"column":38}},{"start":{"line":6,"column":42},"end":{"line":6,"column":44}}],"line":6},"3":{"loc":{"start":{"line":7,"column":15},"end":{"line":7,"column":56}},"type":"binary-expr","locations":[{"start":{"line":7,"column":15},"end":{"line":7,"column":34}},{"start":{"line":7,"column":38},"end":{"line":7,"column":56}}],"line":7}},"s":{"0":1,"1":1,"2":1},"f":{},"b":{"0":[1,0],"1":[1,0],"2":[1,1],"3":[1,0]},"_coverageSchema":"1a1c01bbd47fc00a2c39e90264f33305004495a9","hash":"c09159237258f8876e9e63e03286a352ce05ea5a"}
,"C:\\workspace\\fall2021\\RestAPI example\\controllers\\employees.controller.js": {"path":"C:\\workspace\\fall2021\\RestAPI example\\controllers\\employees.controller.js","statementMap":{"0":{"start":{"line":1,"column":18},"end":{"line":1,"column":54}},"1":{"start":{"line":3,"column":0},"end":{"line":11,"column":1}},"2":{"start":{"line":4,"column":4},"end":{"line":10,"column":10}},"3":{"start":{"line":6,"column":12},"end":{"line":6,"column":26}},"4":{"start":{"line":9,"column":12},"end":{"line":9,"column":55}},"5":{"start":{"line":12,"column":0},"end":{"line":23,"column":1}},"6":{"start":{"line":13,"column":4},"end":{"line":22,"column":6}},"7":{"start":{"line":15,"column":8},"end":{"line":18,"column":85}},"8":{"start":{"line":16,"column":12},"end":{"line":16,"column":26}},"9":{"start":{"line":18,"column":12},"end":{"line":18,"column":85}},"10":{"start":{"line":21,"column":8},"end":{"line":21,"column":51}},"11":{"start":{"line":24,"column":0},"end":{"line":31,"column":1}},"12":{"start":{"line":25,"column":19},"end":{"line":25,"column":27}},"13":{"start":{"line":26,"column":4},"end":{"line":30,"column":64}},"14":{"start":{"line":28,"column":12},"end":{"line":28,"column":67}},"15":{"start":{"line":30,"column":20},"end":{"line":30,"column":63}},"16":{"start":{"line":32,"column":0},"end":{"line":44,"column":1}},"17":{"start":{"line":33,"column":4},"end":{"line":43,"column":62}},"18":{"start":{"line":37,"column":8},"end":{"line":41,"column":9}},"19":{"start":{"line":38,"column":12},"end":{"line":38,"column":50}},"20":{"start":{"line":40,"column":12},"end":{"line":40,"column":81}},"21":{"start":{"line":43,"column":18},"end":{"line":43,"column":61}},"22":{"start":{"line":45,"column":0},"end":{"line":59,"column":1}},"23":{"start":{"line":46,"column":4},"end":{"line":58,"column":6}},"24":{"start":{"line":50,"column":8},"end":{"line":54,"column":9}},"25":{"start":{"line":51,"column":12},"end":{"line":51,"column":52}},"26":{"start":{"line":53,"column":12},"end":{"line":53,"column":49}},"27":{"start":{"line":57,"column":8},"end":{"line":57,"column":51}}},"fnMap":{"0":{"name":"(anonymous_0)","decl":{"start":{"line":3,"column":18},"end":{"line":3,"column":19}},"loc":{"start":{"line":3,"column":29},"end":{"line":11,"column":1}},"line":3},"1":{"name":"(anonymous_1)","decl":{"start":{"line":5,"column":14},"end":{"line":5,"column":15}},"loc":{"start":{"line":5,"column":20},"end":{"line":7,"column":9}},"line":5},"2":{"name":"(anonymous_2)","decl":{"start":{"line":8,"column":15},"end":{"line":8,"column":16}},"loc":{"start":{"line":8,"column":20},"end":{"line":10,"column":9}},"line":8},"3":{"name":"(anonymous_3)","decl":{"start":{"line":12,"column":18},"end":{"line":12,"column":19}},"loc":{"start":{"line":12,"column":29},"end":{"line":23,"column":1}},"line":12},"4":{"name":"(anonymous_4)","decl":{"start":{"line":14,"column":10},"end":{"line":14,"column":11}},"loc":{"start":{"line":14,"column":16},"end":{"line":19,"column":5}},"line":14},"5":{"name":"(anonymous_5)","decl":{"start":{"line":20,"column":11},"end":{"line":20,"column":12}},"loc":{"start":{"line":20,"column":16},"end":{"line":22,"column":5}},"line":20},"6":{"name":"(anonymous_6)","decl":{"start":{"line":24,"column":17},"end":{"line":24,"column":18}},"loc":{"start":{"line":24,"column":28},"end":{"line":31,"column":1}},"line":24},"7":{"name":"(anonymous_7)","decl":{"start":{"line":27,"column":14},"end":{"line":27,"column":15}},"loc":{"start":{"line":27,"column":20},"end":{"line":29,"column":9}},"line":27},"8":{"name":"(anonymous_8)","decl":{"start":{"line":30,"column":15},"end":{"line":30,"column":16}},"loc":{"start":{"line":30,"column":20},"end":{"line":30,"column":63}},"line":30},"9":{"name":"(anonymous_9)","decl":{"start":{"line":32,"column":17},"end":{"line":32,"column":18}},"loc":{"start":{"line":32,"column":28},"end":{"line":44,"column":1}},"line":32},"10":{"name":"(anonymous_10)","decl":{"start":{"line":36,"column":10},"end":{"line":36,"column":11}},"loc":{"start":{"line":36,"column":17},"end":{"line":42,"column":5}},"line":36},"11":{"name":"(anonymous_11)","decl":{"start":{"line":43,"column":11},"end":{"line":43,"column":12}},"loc":{"start":{"line":43,"column":18},"end":{"line":43,"column":61}},"line":43},"12":{"name":"(anonymous_12)","decl":{"start":{"line":45,"column":17},"end":{"line":45,"column":18}},"loc":{"start":{"line":45,"column":28},"end":{"line":59,"column":1}},"line":45},"13":{"name":"(anonymous_13)","decl":{"start":{"line":49,"column":10},"end":{"line":49,"column":11}},"loc":{"start":{"line":49,"column":17},"end":{"line":55,"column":5}},"line":49},"14":{"name":"(anonymous_14)","decl":{"start":{"line":56,"column":11},"end":{"line":56,"column":12}},"loc":{"start":{"line":56,"column":18},"end":{"line":58,"column":5}},"line":56}},"branchMap":{"0":{"loc":{"start":{"line":15,"column":8},"end":{"line":18,"column":85}},"type":"if","locations":[{"start":{"line":15,"column":8},"end":{"line":18,"column":85}},{"start":{"line":18,"column":12},"end":{"line":18,"column":85}}],"line":15},"1":{"loc":{"start":{"line":37,"column":8},"end":{"line":41,"column":9}},"type":"if","locations":[{"start":{"line":37,"column":8},"end":{"line":41,"column":9}},{"start":{"line":39,"column":13},"end":{"line":41,"column":9}}],"line":37},"2":{"loc":{"start":{"line":50,"column":8},"end":{"line":54,"column":9}},"type":"if","locations":[{"start":{"line":50,"column":8},"end":{"line":54,"column":9}},{"start":{"line":52,"column":13},"end":{"line":54,"column":9}}],"line":50}},"s":{"0":1,"1":1,"2":1,"3":1,"4":0,"5":1,"6":2,"7":2,"8":1,"9":1,"10":0,"11":1,"12":1,"13":1,"14":1,"15":0,"16":1,"17":1,"18":1,"19":1,"20":0,"21":0,"22":1,"23":1,"24":1,"25":1,"26":0,"27":0},"f":{"0":1,"1":1,"2":0,"3":2,"4":2,"5":0,"6":1,"7":1,"8":0,"9":1,"10":1,"11":0,"12":1,"13":1,"14":0},"b":{"0":[1,1],"1":[1,0],"2":[1,0]},"_coverageSchema":"1a1c01bbd47fc00a2c39e90264f33305004495a9","hash":"f09123fe8f26d34011219974d19fbf5329c75392"}
,"C:\\workspace\\fall2021\\RestAPI example\\models\\employees.model.js": {"path":"C:\\workspace\\fall2021\\RestAPI example\\models\\employees.model.js","statementMap":{"0":{"start":{"line":1,"column":18},"end":{"line":1,"column":38}},"1":{"start":{"line":2,"column":11},"end":{"line":2,"column":29}},"2":{"start":{"line":5,"column":18},"end":{"line":32,"column":2}},"3":{"start":{"line":34,"column":0},"end":{"line":34,"column":26}}},"fnMap":{},"branchMap":{},"s":{"0":1,"1":1,"2":1,"3":1},"f":{},"b":{},"_coverageSchema":"1a1c01bbd47fc00a2c39e90264f33305004495a9","hash":"1001ecdd1a37c477d71badba5981466eaab224b8"}
,"C:\\workspace\\fall2021\\RestAPI example\\models\\index.js": {"path":"C:\\workspace\\fall2021\\RestAPI example\\models\\index.js","statementMap":{"0":{"start":{"line":1,"column":17},"end":{"line":1,"column":50}},"1":{"start":{"line":2,"column":18},"end":{"line":2,"column":38}},"2":{"start":{"line":4,"column":0},"end":{"line":14,"column":3}}},"fnMap":{},"branchMap":{},"s":{"0":1,"1":1,"2":1},"f":{},"b":{},"_coverageSchema":"1a1c01bbd47fc00a2c39e90264f33305004495a9","hash":"b789132e188802a8490d0d3d2af87de0c6c01d2a"}
,"C:\\workspace\\fall2021\\RestAPI example\\routes\\employees.js": {"path":"C:\\workspace\\fall2021\\RestAPI example\\routes\\employees.js","statementMap":{"0":{"start":{"line":1,"column":16},"end":{"line":1,"column":34}},"1":{"start":{"line":2,"column":15},"end":{"line":2,"column":31}},"2":{"start":{"line":3,"column":28},"end":{"line":3,"column":74}},"3":{"start":{"line":5,"column":0},"end":{"line":5,"column":43}},"4":{"start":{"line":6,"column":0},"end":{"line":6,"column":46}},"5":{"start":{"line":7,"column":0},"end":{"line":7,"column":43}},"6":{"start":{"line":8,"column":0},"end":{"line":8,"column":45}},"7":{"start":{"line":9,"column":0},"end":{"line":9,"column":48}},"8":{"start":{"line":11,"column":0},"end":{"line":11,"column":23}}},"fnMap":{},"branchMap":{},"s":{"0":1,"1":1,"2":1,"3":1,"4":1,"5":1,"6":1,"7":1,"8":1},"f":{},"b":{},"_coverageSchema":"1a1c01bbd47fc00a2c39e90264f33305004495a9","hash":"2ce4fa03b6cca96b62be0f48aa19da5a3de3d0f8"}
,"C:\\workspace\\fall2021\\RestAPI example\\utils\\auth_middleware.js": {"path":"C:\\workspace\\fall2021\\RestAPI example\\utils\\auth_middleware.js","statementMap":{"0":{"start":{"line":3,"column":12},"end":{"line":3,"column":35}},"1":{"start":{"line":4,"column":15},"end":{"line":4,"column":32}},"2":{"start":{"line":5,"column":0},"end":{"line":5,"column":16}},"3":{"start":{"line":7,"column":21},"end":{"line":26,"column":1}},"4":{"start":{"line":8,"column":25},"end":{"line":8,"column":53}},"5":{"start":{"line":9,"column":4},"end":{"line":24,"column":5}},"6":{"start":{"line":10,"column":23},"end":{"line":10,"column":46}},"7":{"start":{"line":12,"column":28},"end":{"line":12,"column":37}},"8":{"start":{"line":13,"column":8},"end":{"line":13,"column":31}},"9":{"start":{"line":14,"column":8},"end":{"line":21,"column":10}},"10":{"start":{"line":15,"column":12},"end":{"line":20,"column":13}},"11":{"start":{"line":16,"column":16},"end":{"line":16,"column":80}},"12":{"start":{"line":18,"column":16},"end":{"line":18,"column":39}},"13":{"start":{"line":19,"column":16},"end":{"line":19,"column":22}},"14":{"start":{"line":23,"column":8},"end":{"line":23,"column":68}},"15":{"start":{"line":28,"column":0},"end":{"line":28,"column":29}}},"fnMap":{"0":{"name":"(anonymous_0)","decl":{"start":{"line":7,"column":21},"end":{"line":7,"column":22}},"loc":{"start":{"line":7,"column":37},"end":{"line":26,"column":1}},"line":7},"1":{"name":"(anonymous_1)","decl":{"start":{"line":14,"column":54},"end":{"line":14,"column":55}},"loc":{"start":{"line":14,"column":70},"end":{"line":21,"column":9}},"line":14}},"branchMap":{"0":{"loc":{"start":{"line":9,"column":4},"end":{"line":24,"column":5}},"type":"if","locations":[{"start":{"line":9,"column":4},"end":{"line":24,"column":5}},{"start":{"line":22,"column":9},"end":{"line":24,"column":5}}],"line":9},"1":{"loc":{"start":{"line":15,"column":12},"end":{"line":20,"column":13}},"type":"if","locations":[{"start":{"line":15,"column":12},"end":{"line":20,"column":13}},{"start":{"line":17,"column":17},"end":{"line":20,"column":13}}],"line":15}},"s":{"0":1,"1":1,"2":1,"3":1,"4":0,"5":0,"6":0,"7":0,"8":0,"9":0,"10":0,"11":0,"12":0,"13":0,"14":0,"15":1},"f":{"0":0,"1":0},"b":{"0":[0,0],"1":[0,0]},"_coverageSchema":"1a1c01bbd47fc00a2c39e90264f33305004495a9","hash":"bc780650e922ab40c493353b5676e7bc8404a569"}
}
